Using pre-set license
Built from '2022.3/release' branch; Version is '2022.3.5f1 (9674261d40ee) revision 9860134'; Using compiler version '192829333'; Build Type 'Release'
OS: 'Windows 10  (10.0.19045) 64bit Professional' Language: 'de' Physical Memory: 32663 MB
BatchMode: 1, IsHumanControllingUs: 0, StartBugReporterOnCrash: 0, Is64bit: 1, IsPro: 1

COMMAND LINE ARGUMENTS:
F:\Unity\2022.3.5f1\Editor\Unity.exe
-adb2
-batchMode
-noUpm
-name
AssetImportWorker2
-projectPath
F:/Gameprojekte/Soot/Soot/Soot
-logFile
Logs/AssetImportWorker2.log
-srvPort
51983
Successfully changed project path to: F:/Gameprojekte/Soot/Soot/Soot
F:/Gameprojekte/Soot/Soot/Soot
[UnityMemory] Configuration Parameters - Can be set up in boot.config
    "memorysetup-bucket-allocator-granularity=16"
    "memorysetup-bucket-allocator-bucket-count=8"
    "memorysetup-bucket-allocator-block-size=33554432"
    "memorysetup-bucket-allocator-block-count=8"
    "memorysetup-main-allocator-block-size=16777216"
    "memorysetup-thread-allocator-block-size=16777216"
    "memorysetup-gfx-main-allocator-block-size=16777216"
    "memorysetup-gfx-thread-allocator-block-size=16777216"
    "memorysetup-cache-allocator-block-size=4194304"
    "memorysetup-typetree-allocator-block-size=2097152"
    "memorysetup-profiler-bucket-allocator-granularity=16"
    "memorysetup-profiler-bucket-allocator-bucket-count=8"
    "memorysetup-profiler-bucket-allocator-block-size=33554432"
    "memorysetup-profiler-bucket-allocator-block-count=8"
    "memorysetup-profiler-allocator-block-size=16777216"
    "memorysetup-profiler-editor-allocator-block-size=1048576"
    "memorysetup-temp-allocator-size-main=16777216"
    "memorysetup-job-temp-allocator-block-size=2097152"
    "memorysetup-job-temp-allocator-block-size-background=1048576"
    "memorysetup-job-temp-allocator-reduction-small-platforms=262144"
    "memorysetup-allocator-temp-initial-block-size-main=262144"
    "memorysetup-allocator-temp-initial-block-size-worker=262144"
    "memorysetup-temp-allocator-size-background-worker=32768"
    "memorysetup-temp-allocator-size-job-worker=262144"
    "memorysetup-temp-allocator-size-preload-manager=33554432"
    "memorysetup-temp-allocator-size-nav-mesh-worker=65536"
    "memorysetup-temp-allocator-size-audio-worker=65536"
    "memorysetup-temp-allocator-size-cloud-worker=32768"
    "memorysetup-temp-allocator-size-gi-baking-worker=262144"
    "memorysetup-temp-allocator-size-gfx=262144"
Player connection [29344] Host "[IP] 192.168.178.27 [Port] 0 [Flags] 2 [Guid] 3620597068 [EditorId] 3620597068 [Version] 1048832 [Id] WindowsEditor(7,DESKTOP-FA4DQHG) [Debug] 1 [PackageName] WindowsEditor [ProjectName] Editor" joined multi-casting on [225.0.0.222:54997]...

Player connection [29344] Host "[IP] 192.168.178.27 [Port] 0 [Flags] 2 [Guid] 3620597068 [EditorId] 3620597068 [Version] 1048832 [Id] WindowsEditor(7,DESKTOP-FA4DQHG) [Debug] 1 [PackageName] WindowsEditor [ProjectName] Editor" joined alternative multi-casting on [225.0.0.222:34997]...

Refreshing native plugins compatible for Editor in 11.63 ms, found 3 plugins.
Preloading 0 native plugins for Editor in 0.00 ms.
Initialize engine version: 2022.3.5f1 (9674261d40ee)
[Subsystems] Discovering subsystems at path F:/Unity/2022.3.5f1/Editor/Data/Resources/UnitySubsystems
[Subsystems] Discovering subsystems at path F:/Gameprojekte/Soot/Soot/Soot/Assets
GfxDevice: creating device client; threaded=0; jobified=0
Direct3D:
    Version:  Direct3D 11.0 [level 11.1]
    Renderer: NVIDIA GeForce GTX 1650 (ID=0x1f82)
    Vendor:   NVIDIA
    VRAM:     3935 MB
    Driver:   31.0.15.5186
Initialize mono
Mono path[0] = 'F:/Unity/2022.3.5f1/Editor/Data/Managed'
Mono path[1] = 'F:/Unity/2022.3.5f1/Editor/Data/MonoBleedingEdge/lib/mono/unityjit-win32'
Mono config path = 'F:/Unity/2022.3.5f1/Editor/Data/MonoBleedingEdge/etc'
Using monoOptions --debugger-agent=transport=dt_socket,embedding=1,server=y,suspend=n,address=127.0.0.1:56592
Begin MonoManager ReloadAssembly
Registering precompiled unity dll's ...
Register platform support module: F:/Unity/2022.3.5f1/Editor/Data/PlaybackEngines/WebGLSupport/UnityEditor.WebGL.Extensions.dll
Register platform support module: F:/Unity/2022.3.5f1/Editor/Data/PlaybackEngines/AndroidPlayer/UnityEditor.Android.Extensions.dll
Register platform support module: F:/Unity/2022.3.5f1/Editor/Data/PlaybackEngines/iOSSupport/UnityEditor.iOS.Extensions.dll
Register platform support module: F:/Unity/2022.3.5f1/Editor/Data/PlaybackEngines/WindowsStandaloneSupport/UnityEditor.WindowsStandalone.Extensions.dll
Registered in 0.009565 seconds.
- Loaded All Assemblies, in  0.417 seconds
Native extension for WindowsStandalone target not found
[usbmuxd] Start listen thread
[usbmuxd] Listen thread started
Native extension for iOS target not found
Native extension for Android target not found
Android Extension - Scanning For ADB Devices 465 ms
Native extension for WebGL target not found
Mono: successfully reloaded assembly
- Finished resetting the current domain, in  0.866 seconds
Domain Reload Profiling: 1284ms
	BeginReloadAssembly (112ms)
		ExecutionOrderSort (0ms)
		DisableScriptedObjects (0ms)
		BackupInstance (0ms)
		ReleaseScriptingObjects (0ms)
		CreateAndSetChildDomain (1ms)
	RebuildCommonClasses (43ms)
	RebuildNativeTypeToScriptingClass (15ms)
	initialDomainReloadingComplete (66ms)
	LoadAllAssembliesAndSetupDomain (181ms)
		LoadAssemblies (113ms)
		RebuildTransferFunctionScriptingTraits (0ms)
		AnalyzeDomain (176ms)
			TypeCache.Refresh (175ms)
				TypeCache.ScanAssembly (160ms)
			ScanForSourceGeneratedMonoScriptInfo (0ms)
			ResolveRequiredComponents (1ms)
	FinalizeReload (867ms)
		ReleaseScriptCaches (0ms)
		RebuildScriptCaches (0ms)
		SetupLoadedEditorAssemblies (800ms)
			LogAssemblyErrors (0ms)
			InitializePlatformSupportModulesInManaged (623ms)
			SetLoadedEditorAssemblies (4ms)
			RefreshPlugins (0ms)
			BeforeProcessingInitializeOnLoad (3ms)
			ProcessInitializeOnLoadAttributes (115ms)
			ProcessInitializeOnLoadMethodAttributes (55ms)
			AfterProcessingInitializeOnLoad (0ms)
			EditorAssembliesLoaded (0ms)
		ExecutionOrderSort2 (0ms)
		AwakeInstancesAfterBackupRestoration (0ms)
========================================================================
Worker process is ready to serve import requests
Begin MonoManager ReloadAssembly
Symbol file LoadedFromMemory doesn't match image F:\Gameprojekte\Soot\Soot\Soot\Library\PackageCache\com.unity.visualscripting@1.8.0\Editor\VisualScripting.Core\Dependencies\YamlDotNet\Unity.VisualScripting.YamlDotNet.dll
Symbol file LoadedFromMemory doesn't match image F:\Gameprojekte\Soot\Soot\Soot\Library\PackageCache\com.unity.visualscripting@1.8.0\Editor\VisualScripting.Core\Dependencies\DotNetZip\Unity.VisualScripting.IonicZip.dll
- Loaded All Assemblies, in  0.876 seconds
Refreshing native plugins compatible for Editor in 3.24 ms, found 3 plugins.
Native extension for WindowsStandalone target not found
Native extension for iOS target not found
Native extension for Android target not found
Native extension for WebGL target not found
Package Manager log level set to [2]
[Package Manager] Server::EnsureServerProcessIsRunning -- launch failed, reason: Unity was launched with the -noUpm command-line argument
[Package Manager] UpmClient::Send -- Unable to send message (not connected to UPM process).
[Package Manager] Cannot connect to Unity Package Manager local server
Mono: successfully reloaded assembly
- Finished resetting the current domain, in  0.981 seconds
Domain Reload Profiling: 1857ms
	BeginReloadAssembly (157ms)
		ExecutionOrderSort (0ms)
		DisableScriptedObjects (7ms)
		BackupInstance (0ms)
		ReleaseScriptingObjects (0ms)
		CreateAndSetChildDomain (24ms)
	RebuildCommonClasses (42ms)
	RebuildNativeTypeToScriptingClass (14ms)
	initialDomainReloadingComplete (47ms)
	LoadAllAssembliesAndSetupDomain (616ms)
		LoadAssemblies (300ms)
		RebuildTransferFunctionScriptingTraits (0ms)
		AnalyzeDomain (400ms)
			TypeCache.Refresh (361ms)
				TypeCache.ScanAssembly (343ms)
			ScanForSourceGeneratedMonoScriptInfo (25ms)
			ResolveRequiredComponents (13ms)
	FinalizeReload (982ms)
		ReleaseScriptCaches (0ms)
		RebuildScriptCaches (0ms)
		SetupLoadedEditorAssemblies (761ms)
			LogAssemblyErrors (0ms)
			InitializePlatformSupportModulesInManaged (38ms)
			SetLoadedEditorAssemblies (5ms)
			RefreshPlugins (0ms)
			BeforeProcessingInitializeOnLoad (76ms)
			ProcessInitializeOnLoadAttributes (563ms)
			ProcessInitializeOnLoadMethodAttributes (76ms)
			AfterProcessingInitializeOnLoad (3ms)
			EditorAssembliesLoaded (0ms)
		ExecutionOrderSort2 (0ms)
		AwakeInstancesAfterBackupRestoration (9ms)
Launched and connected shader compiler UnityShaderCompiler.exe after 0.09 seconds
Refreshing native plugins compatible for Editor in 3.47 ms, found 3 plugins.
Preloading 0 native plugins for Editor in 0.00 ms.
Unloading 5111 Unused Serialized files (Serialized files now loaded: 0)
Unloading 87 unused Assets / (0.8 MB). Loaded Objects now: 5563.
Memory consumption went from 210.9 MB to 210.1 MB.
Total: 6.671300 ms (FindLiveObjects: 0.484700 ms CreateObjectMapping: 0.377100 ms MarkObjects: 5.337300 ms  DeleteObjects: 0.471200 ms)

AssetImportParameters requested are different than current active one (requested -> active):
  custom:container-demuxer-ogg: 62fdf1f143b41e24485cea50d1cbac27 -> 
  custom:video-decoder-ogg-theora: a1e56fd34408186e4bbccfd4996cb3dc -> 
  custom:framework-win-MediaFoundation: 216162199b28c13a410421893ffa2e32 -> 
  custom:CustomObjectIndexerAttribute: a3ef5dd2817f97addfee359851a9dba5 -> 
  custom:container-demuxer-webm: 4f35f7cbe854078d1ac9338744f61a02 -> 
  custom:container-muxer-webm: aa71ff27fc2769a1b78a27578f13a17b -> 
  custom:video-decoder-webm-vp8: 9c59270c3fd7afecdb556c50c9e8de78 -> 
  custom:AudioImporter_EditorPlatform: d09bf68614088b80899f8185d706f6e7 -> 
  custom:video-encoder-webm-vp8: eb34c28f22e8b96e1ab97ce403110664 -> 
  custom:audio-decoder-ogg-vorbis: bf7c407c2cedff20999df2af8eb42d56 -> 
  custom:audio-encoder-webm-vorbis: bf7c407c2cedff20999df2af8eb42d56 -> 
========================================================================
Received Prepare
Begin MonoManager ReloadAssembly
Symbol file LoadedFromMemory doesn't match image F:\Gameprojekte\Soot\Soot\Soot\Library\PackageCache\com.unity.visualscripting@1.8.0\Editor\VisualScripting.Core\Dependencies\YamlDotNet\Unity.VisualScripting.YamlDotNet.dll
Symbol file LoadedFromMemory doesn't match image F:\Gameprojekte\Soot\Soot\Soot\Library\PackageCache\com.unity.visualscripting@1.8.0\Editor\VisualScripting.Core\Dependencies\DotNetZip\Unity.VisualScripting.IonicZip.dll
- Loaded All Assemblies, in  0.868 seconds
Refreshing native plugins compatible for Editor in 3.10 ms, found 3 plugins.
Native extension for WindowsStandalone target not found
Native extension for iOS target not found
Native extension for Android target not found
Native extension for WebGL target not found
[Package Manager] Server::EnsureServerProcessIsRunning -- launch failed, reason: Unity was launched with the -noUpm command-line argument
[Package Manager] UpmClient::Send -- Unable to send message (not connected to UPM process).
[Package Manager] Cannot connect to Unity Package Manager local server
Mono: successfully reloaded assembly
- Finished resetting the current domain, in  1.421 seconds
Domain Reload Profiling: 2288ms
	BeginReloadAssembly (189ms)
		ExecutionOrderSort (0ms)
		DisableScriptedObjects (6ms)
		BackupInstance (0ms)
		ReleaseScriptingObjects (0ms)
		CreateAndSetChildDomain (55ms)
	RebuildCommonClasses (40ms)
	RebuildNativeTypeToScriptingClass (17ms)
	initialDomainReloadingComplete (40ms)
	LoadAllAssembliesAndSetupDomain (580ms)
		LoadAssemblies (291ms)
		RebuildTransferFunctionScriptingTraits (0ms)
		AnalyzeDomain (381ms)
			TypeCache.Refresh (361ms)
				TypeCache.ScanAssembly (348ms)
			ScanForSourceGeneratedMonoScriptInfo (6ms)
			ResolveRequiredComponents (14ms)
	FinalizeReload (1421ms)
		ReleaseScriptCaches (0ms)
		RebuildScriptCaches (0ms)
		SetupLoadedEditorAssemblies (739ms)
			LogAssemblyErrors (0ms)
			InitializePlatformSupportModulesInManaged (37ms)
			SetLoadedEditorAssemblies (3ms)
			RefreshPlugins (0ms)
			BeforeProcessingInitializeOnLoad (75ms)
			ProcessInitializeOnLoadAttributes (556ms)
			ProcessInitializeOnLoadMethodAttributes (65ms)
			AfterProcessingInitializeOnLoad (3ms)
			EditorAssembliesLoaded (0ms)
		ExecutionOrderSort2 (0ms)
		AwakeInstancesAfterBackupRestoration (22ms)
Refreshing native plugins compatible for Editor in 4.31 ms, found 3 plugins.
Preloading 0 native plugins for Editor in 0.00 ms.
Unloading 4952 Unused Serialized files (Serialized files now loaded: 0)
Unloading 50 unused Assets / (0.8 MB). Loaded Objects now: 5579.
Memory consumption went from 182.7 MB to 181.9 MB.
Total: 4.875800 ms (FindLiveObjects: 0.466600 ms CreateObjectMapping: 0.296100 ms MarkObjects: 3.738500 ms  DeleteObjects: 0.373800 ms)

Prepare: number of updated asset objects reloaded= 0
AssetImportParameters requested are different than current active one (requested -> active):
  custom:container-demuxer-ogg: 62fdf1f143b41e24485cea50d1cbac27 -> 
  custom:video-decoder-ogg-theora: a1e56fd34408186e4bbccfd4996cb3dc -> 
  custom:framework-win-MediaFoundation: 216162199b28c13a410421893ffa2e32 -> 
  custom:CustomObjectIndexerAttribute: a3ef5dd2817f97addfee359851a9dba5 -> 
  custom:container-demuxer-webm: 4f35f7cbe854078d1ac9338744f61a02 -> 
  custom:container-muxer-webm: aa71ff27fc2769a1b78a27578f13a17b -> 
  custom:video-decoder-webm-vp8: 9c59270c3fd7afecdb556c50c9e8de78 -> 
  custom:AudioImporter_EditorPlatform: d09bf68614088b80899f8185d706f6e7 -> 
  custom:video-encoder-webm-vp8: eb34c28f22e8b96e1ab97ce403110664 -> 
  custom:audio-decoder-ogg-vorbis: bf7c407c2cedff20999df2af8eb42d56 -> 
  custom:audio-encoder-webm-vorbis: bf7c407c2cedff20999df2af8eb42d56 -> 
========================================================================
Received Import Request.
  Time since last request: 1060582.125809 seconds.
  path: Assets/Textures/Rounded Corner Plugin/Examples
  artifactKey: Guid(8ddeffe740a8df443ad055f860250de7) Importer(815301076,1909f56bfc062723c751e8b465ee728b)
Start importing Assets/Textures/Rounded Corner Plugin/Examples using Guid(8ddeffe740a8df443ad055f860250de7) Importer(815301076,1909f56bfc062723c751e8b465ee728b)  -> (artifact id: '149c83c4c3427d60ad0a959653d8053b') in 0.002360 seconds
Number of updated asset objects reloaded before import = 0
Number of asset objects unloaded after import = 0
========================================================================
Received Import Request.
  Time since last request: 0.630026 seconds.
  path: Assets/Textures/Rounded Corner Plugin/Examples/Lenna.png
  artifactKey: Guid(29c435903c4f8404f87a061424329530) Importer(815301076,1909f56bfc062723c751e8b465ee728b)
Start importing Assets/Textures/Rounded Corner Plugin/Examples/Lenna.png using Guid(29c435903c4f8404f87a061424329530) Importer(815301076,1909f56bfc062723c751e8b465ee728b)  -> (artifact id: 'c748a408ca69be827b690012c47a0b98') in 0.003347 seconds
Number of updated asset objects reloaded before import = 0
Number of asset objects unloaded after import = 2
========================================================================
Received Import Request.
  Time since last request: 1.242164 seconds.
  path: Assets/Textures/Rounded Corner Plugin/Examples/example.unity
  artifactKey: Guid(3fe7f49864db35c419623c5112a65cd1) Importer(815301076,1909f56bfc062723c751e8b465ee728b)
Start importing Assets/Textures/Rounded Corner Plugin/Examples/example.unity using Guid(3fe7f49864db35c419623c5112a65cd1) Importer(815301076,1909f56bfc062723c751e8b465ee728b)  -> (artifact id: '7827ff19be80b0c82d0338f0f8cb0a7b') in 0.000698 seconds
Number of updated asset objects reloaded before import = 0
Number of asset objects unloaded after import = 0
========================================================================
Received Import Request.
  Time since last request: 84.511975 seconds.
  path: Assets/Textures/Rounded Corner Plugin/UiRoundedCorners
  artifactKey: Guid(c5fc0ea21303bfe4fb663b71ffa38b8e) Importer(815301076,1909f56bfc062723c751e8b465ee728b)
Start importing Assets/Textures/Rounded Corner Plugin/UiRoundedCorners using Guid(c5fc0ea21303bfe4fb663b71ffa38b8e) Importer(815301076,1909f56bfc062723c751e8b465ee728b)  -> (artifact id: '291c980245bf4dc0a3289db9d1cff550') in 0.000597 seconds
Number of updated asset objects reloaded before import = 0
Number of asset objects unloaded after import = 0
========================================================================
Received Import Request.
  Time since last request: 0.077714 seconds.
  path: Assets/Textures/Rounded Corner Plugin/UiRoundedCorners/Nobi.UiRoundedCorners.asmdef
  artifactKey: Guid(02fb846f82d73b64f884c961e8616088) Importer(815301076,1909f56bfc062723c751e8b465ee728b)
Start importing Assets/Textures/Rounded Corner Plugin/UiRoundedCorners/Nobi.UiRoundedCorners.asmdef using Guid(02fb846f82d73b64f884c961e8616088) Importer(815301076,1909f56bfc062723c751e8b465ee728b)  -> (artifact id: '45838ce77a65508c943671d30dee5364') in 0.000476 seconds
Number of updated asset objects reloaded before import = 0
Number of asset objects unloaded after import = 0
========================================================================
Received Import Request.
  Time since last request: 0.005199 seconds.
  path: Assets/Textures/Rounded Corner Plugin/UiRoundedCorners/ShaderSetup.cginc
  artifactKey: Guid(c8b27b6dc4af4c65a0d1531a5c3a9880) Importer(815301076,1909f56bfc062723c751e8b465ee728b)
Start importing Assets/Textures/Rounded Corner Plugin/UiRoundedCorners/ShaderSetup.cginc using Guid(c8b27b6dc4af4c65a0d1531a5c3a9880) Importer(815301076,1909f56bfc062723c751e8b465ee728b)  -> (artifact id: '3351ffe7cea1ef26c988753b171bb21f') in 0.000922 seconds
Number of updated asset objects reloaded before import = 0
Number of asset objects unloaded after import = 1
========================================================================
Received Import Request.
  Time since last request: 89.477879 seconds.
  path: Assets/Textures/Rounded Corner Plugin/UiRoundedCorners/Editor
  artifactKey: Guid(bc55785c2d5655f4e839d5408f397028) Importer(815301076,1909f56bfc062723c751e8b465ee728b)
Start importing Assets/Textures/Rounded Corner Plugin/UiRoundedCorners/Editor using Guid(bc55785c2d5655f4e839d5408f397028) Importer(815301076,1909f56bfc062723c751e8b465ee728b)  -> (artifact id: '182427b507b835fd8b8a09ed3517de60') in 0.000511 seconds
Number of updated asset objects reloaded before import = 0
Number of asset objects unloaded after import = 0
========================================================================
Received Import Request.
  Time since last request: 0.042875 seconds.
  path: Assets/Textures/Rounded Corner Plugin/UiRoundedCorners/Editor/Nobi.UiRoundedCorners.Editor.asmdef
  artifactKey: Guid(10725695f79a428429a1a3c374a5a230) Importer(815301076,1909f56bfc062723c751e8b465ee728b)
Start importing Assets/Textures/Rounded Corner Plugin/UiRoundedCorners/Editor/Nobi.UiRoundedCorners.Editor.asmdef using Guid(10725695f79a428429a1a3c374a5a230) Importer(815301076,1909f56bfc062723c751e8b465ee728b)  -> (artifact id: '66081ca5c87a8a2ae03d2fbefbc0f339') in 0.000495 seconds
Number of updated asset objects reloaded before import = 0
Number of asset objects unloaded after import = 0
========================================================================
Received Import Request.
  Time since last request: 3.937041 seconds.
  path: Assets/Textures/Rounded Corner Plugin/UiRoundedCorners/Editor/ImageWithIndependentRoundedCornersInspector.cs
  artifactKey: Guid(2364a6676566e7842a1a053d02d5ec5b) Importer(815301076,1909f56bfc062723c751e8b465ee728b)
Start importing Assets/Textures/Rounded Corner Plugin/UiRoundedCorners/Editor/ImageWithIndependentRoundedCornersInspector.cs using Guid(2364a6676566e7842a1a053d02d5ec5b) Importer(815301076,1909f56bfc062723c751e8b465ee728b)  -> (artifact id: '859194e12abff722f883bc866431eead') in 0.000534 seconds
Number of updated asset objects reloaded before import = 0
Number of asset objects unloaded after import = 0
========================================================================
Received Import Request.
  Time since last request: 1.329420 seconds.
  path: Assets/Textures/Rounded Corner Plugin/UiRoundedCorners/Editor/ImageWithRoundedCornersInspector.cs
  artifactKey: Guid(2b7cf3ef8317dd04eaff6d4b44a16520) Importer(815301076,1909f56bfc062723c751e8b465ee728b)
Start importing Assets/Textures/Rounded Corner Plugin/UiRoundedCorners/Editor/ImageWithRoundedCornersInspector.cs using Guid(2b7cf3ef8317dd04eaff6d4b44a16520) Importer(815301076,1909f56bfc062723c751e8b465ee728b)  -> (artifact id: '9f6540dd46eda14514fc3075fa08b3a0') in 0.000545 seconds
Number of updated asset objects reloaded before import = 0
Number of asset objects unloaded after import = 0
========================================================================
Received Import Request.
  Time since last request: 717.901356 seconds.
  path: Assets/Scenes/Pascal Scene.unity
  artifactKey: Guid(7e23d5d3c220cef4b9a7744326fd079f) Importer(815301076,1909f56bfc062723c751e8b465ee728b)
Start importing Assets/Scenes/Pascal Scene.unity using Guid(7e23d5d3c220cef4b9a7744326fd079f) Importer(815301076,1909f56bfc062723c751e8b465ee728b)  -> (artifact id: '71ec28b90dcf2dced28655f8fbe84459') in 0.000893 seconds
Number of updated asset objects reloaded before import = 0
Number of asset objects unloaded after import = 0
========================================================================
Received Import Request.
  Time since last request: 401.486247 seconds.
  path: Assets/Scenes/Level 2.unity
  artifactKey: Guid(565801cd8d7d52443a403b8b4fb03661) Importer(815301076,1909f56bfc062723c751e8b465ee728b)
Start importing Assets/Scenes/Level 2.unity using Guid(565801cd8d7d52443a403b8b4fb03661) Importer(815301076,1909f56bfc062723c751e8b465ee728b)  -> (artifact id: 'a37ecdff91b81b4c16a099fdfe8f86ed') in 0.012410 seconds
Number of updated asset objects reloaded before import = 0
Number of asset objects unloaded after import = 0
========================================================================
Received Import Request.
  Time since last request: 23.924369 seconds.
  path: Assets/Scenes/Pascal Scene.unity
  artifactKey: Guid(7e23d5d3c220cef4b9a7744326fd079f) Importer(815301076,1909f56bfc062723c751e8b465ee728b)
Start importing Assets/Scenes/Pascal Scene.unity using Guid(7e23d5d3c220cef4b9a7744326fd079f) Importer(815301076,1909f56bfc062723c751e8b465ee728b)  -> (artifact id: '46a3fcfb022f4810bedce83e80741c92') in 0.000570 seconds
Number of updated asset objects reloaded before import = 0
Number of asset objects unloaded after import = 0
========================================================================
Received Import Request.
  Time since last request: 14.039614 seconds.
  path: Assets/Scenes/Level 3.unity
  artifactKey: Guid(782e4410565c22f4abcdff5a601c85d3) Importer(815301076,1909f56bfc062723c751e8b465ee728b)
Start importing Assets/Scenes/Level 3.unity using Guid(782e4410565c22f4abcdff5a601c85d3) Importer(815301076,1909f56bfc062723c751e8b465ee728b)  -> (artifact id: 'ff75c32341c941f3e4cf404e4b112033') in 0.014846 seconds
Number of updated asset objects reloaded before import = 0
Number of asset objects unloaded after import = 0
========================================================================
Received Import Request.
  Time since last request: 77.841423 seconds.
  path: Assets/Scenes/Pascal Scene.unity
  artifactKey: Guid(7e23d5d3c220cef4b9a7744326fd079f) Importer(815301076,1909f56bfc062723c751e8b465ee728b)
Start importing Assets/Scenes/Pascal Scene.unity using Guid(7e23d5d3c220cef4b9a7744326fd079f) Importer(815301076,1909f56bfc062723c751e8b465ee728b)  -> (artifact id: 'ed88ab05e4a7a1825985ad40e3eafd71') in 0.000695 seconds
Number of updated asset objects reloaded before import = 0
Number of asset objects unloaded after import = 0
========================================================================
Received Import Request.
  Time since last request: 362.210553 seconds.
  path: Assets/Scenes/Level 2.unity
  artifactKey: Guid(565801cd8d7d52443a403b8b4fb03661) Importer(815301076,1909f56bfc062723c751e8b465ee728b)
Start importing Assets/Scenes/Level 2.unity using Guid(565801cd8d7d52443a403b8b4fb03661) Importer(815301076,1909f56bfc062723c751e8b465ee728b)  -> (artifact id: '06b1a744e1c53bf897b0f44222e739ba') in 0.000838 seconds
Number of updated asset objects reloaded before import = 0
Number of asset objects unloaded after import = 0
========================================================================
Received Import Request.
  Time since last request: 29.761071 seconds.
  path: Assets/Scenes/Pascal Scene.unity
  artifactKey: Guid(7e23d5d3c220cef4b9a7744326fd079f) Importer(815301076,1909f56bfc062723c751e8b465ee728b)
Start importing Assets/Scenes/Pascal Scene.unity using Guid(7e23d5d3c220cef4b9a7744326fd079f) Importer(815301076,1909f56bfc062723c751e8b465ee728b)  -> (artifact id: 'ae396fcd8d4799c2f0296d996fa06d31') in 0.000674 seconds
Number of updated asset objects reloaded before import = 0
Number of asset objects unloaded after import = 0
========================================================================
Received Import Request.
  Time since last request: 18.865513 seconds.
  path: Assets/Scenes/Level 2.unity
  artifactKey: Guid(565801cd8d7d52443a403b8b4fb03661) Importer(815301076,1909f56bfc062723c751e8b465ee728b)
Start importing Assets/Scenes/Level 2.unity using Guid(565801cd8d7d52443a403b8b4fb03661) Importer(815301076,1909f56bfc062723c751e8b465ee728b)  -> (artifact id: 'b185c2d0908c3bbc75f88d5a20d098cc') in 0.000645 seconds
Number of updated asset objects reloaded before import = 0
Number of asset objects unloaded after import = 0
========================================================================
Received Import Request.
  Time since last request: 78.636435 seconds.
  path: Assets/Scenes/Level 3.unity
  artifactKey: Guid(782e4410565c22f4abcdff5a601c85d3) Importer(815301076,1909f56bfc062723c751e8b465ee728b)
Start importing Assets/Scenes/Level 3.unity using Guid(782e4410565c22f4abcdff5a601c85d3) Importer(815301076,1909f56bfc062723c751e8b465ee728b)  -> (artifact id: '78377d9354f6ae61e5328878630b41e4') in 0.000652 seconds
Number of updated asset objects reloaded before import = 0
Number of asset objects unloaded after import = 0
========================================================================
Received Import Request.
  Time since last request: 121.597589 seconds.
  path: Assets/Scenes/Hub Scene.unity
  artifactKey: Guid(6ccb8520cab6b9249ba6af8b0ec41076) Importer(815301076,1909f56bfc062723c751e8b465ee728b)
Start importing Assets/Scenes/Hub Scene.unity using Guid(6ccb8520cab6b9249ba6af8b0ec41076) Importer(815301076,1909f56bfc062723c751e8b465ee728b)  -> (artifact id: '0b5e8db124d730bec22b743b793887b4') in 0.000738 seconds
Number of updated asset objects reloaded before import = 0
Number of asset objects unloaded after import = 0
========================================================================
Received Import Request.
  Time since last request: 93.635930 seconds.
  path: Assets/Scenes/Pascal Scene.unity
  artifactKey: Guid(7e23d5d3c220cef4b9a7744326fd079f) Importer(815301076,1909f56bfc062723c751e8b465ee728b)
Start importing Assets/Scenes/Pascal Scene.unity using Guid(7e23d5d3c220cef4b9a7744326fd079f) Importer(815301076,1909f56bfc062723c751e8b465ee728b)  -> (artifact id: 'e2c2828f235ca41c0a42e5a5d1b3d92c') in 0.000615 seconds
Number of updated asset objects reloaded before import = 0
Number of asset objects unloaded after import = 0
========================================================================
Received Import Request.
  Time since last request: 204.034872 seconds.
  path: Assets/Scenes/Level 2.unity
  artifactKey: Guid(565801cd8d7d52443a403b8b4fb03661) Importer(815301076,1909f56bfc062723c751e8b465ee728b)
Start importing Assets/Scenes/Level 2.unity using Guid(565801cd8d7d52443a403b8b4fb03661) Importer(815301076,1909f56bfc062723c751e8b465ee728b)  -> (artifact id: 'd49d59c82ee5e8284794dab9baf5e953') in 0.000752 seconds
Number of updated asset objects reloaded before import = 0
Number of asset objects unloaded after import = 0
========================================================================
Received Import Request.
  Time since last request: 55.586776 seconds.
  path: Assets/Scenes/Level 3.unity
  artifactKey: Guid(782e4410565c22f4abcdff5a601c85d3) Importer(815301076,1909f56bfc062723c751e8b465ee728b)
Start importing Assets/Scenes/Level 3.unity using Guid(782e4410565c22f4abcdff5a601c85d3) Importer(815301076,1909f56bfc062723c751e8b465ee728b)  -> (artifact id: '6d3f4d8d7c9457f63e023a37912f7d49') in 0.000596 seconds
Number of updated asset objects reloaded before import = 0
Number of asset objects unloaded after import = 0
========================================================================
Received Import Request.
  Time since last request: 81.762577 seconds.
  path: Assets/Scenes/Hub Scene.unity
  artifactKey: Guid(6ccb8520cab6b9249ba6af8b0ec41076) Importer(815301076,1909f56bfc062723c751e8b465ee728b)
Start importing Assets/Scenes/Hub Scene.unity using Guid(6ccb8520cab6b9249ba6af8b0ec41076) Importer(815301076,1909f56bfc062723c751e8b465ee728b)  -> (artifact id: '08c7aa8e605d14cbbec8f6b869f3173a') in 0.000511 seconds
Number of updated asset objects reloaded before import = 0
Number of asset objects unloaded after import = 0
